<?xml version="1.0" encoding="UTF-8"?>
<testng-results skipped="0" failed="0" ignored="0" total="2" passed="2">
  <reporter-output>
  </reporter-output>
  <suite name="Default suite" duration-ms="20556" started-at="2019-12-28T15:54:26 PST" finished-at="2019-12-28T15:54:46 PST">
    <groups>
    </groups>
    <test name="Default test" duration-ms="20556" started-at="2019-12-28T15:54:26 PST" finished-at="2019-12-28T15:54:46 PST">
      <class name="com.gcrShop.Testscripts.NewGcrTest">
        <test-method status="PASS" signature="beforeTest()[pri:0, instance:com.gcrShop.Testscripts.NewGcrTest@4973813a]" name="beforeTest" is-config="true" duration-ms="7524" started-at="2019-12-28T15:54:26 PST" finished-at="2019-12-28T15:54:33 PST">
          <reporter-output>
          </reporter-output>
        </test-method> <!-- beforeTest -->
        <test-method status="PASS" signature="contactInformation()[pri:1, instance:com.gcrShop.Testscripts.NewGcrTest@4973813a]" name="contactInformation" duration-ms="12767" started-at="2019-12-28T15:54:33 PST" finished-at="2019-12-28T15:54:46 PST">
          <reporter-output>
          </reporter-output>
        </test-method> <!-- contactInformation -->
        <test-method status="PASS" signature="Check()[pri:2, instance:com.gcrShop.Testscripts.NewGcrTest@4973813a]" name="Check" duration-ms="217" started-at="2019-12-28T15:54:46 PST" finished-at="2019-12-28T15:54:46 PST">
          <reporter-output>
          </reporter-output>
        </test-method> <!-- Check -->
      </class> <!-- com.gcrShop.Testscripts.NewGcrTest -->
    </test> <!-- Default test -->
  </suite> <!-- Default suite -->
</testng-results>
